p/000194.jpg 1 0 0 591 422
p/000193.jpg 1 0 0 612 408
p/000192.jpg 1 0 0 500 500
p/000191.jpg 1 0 0 519 481
p/000190.jpg 1 0 0 500 500
p/000189.jpg 1 0 0 500 500
p/000188.jpg 1 0 0 686 364
p/000187.jpg 1 0 0 640 390
p/000186.jpg 1 0 0 494 505
p/000185.jpg 1 0 0 577 433
p/000184.jpg 1 0 0 527 474
p/000183.jpg 1 0 0 537 465
p/000182.jpg 1 0 0 613 407
p/000181.jpg 1 0 0 613 407
p/000180.jpg 1 0 0 612 408
p/000179.jpg 1 0 0 500 500
p/000178.jpg 1 0 0 577 433
p/000177.jpg 1 0 0 381 654
p/000176.jpg 1 0 0 612 408
p/000175.jpg 1 0 0 612 408
p/000174.jpg 1 0 0 612 408
p/000173.jpg 1 0 0 671 372
p/000172.jpg 1 0 0 612 408
p/000171.jpg 1 0 0 500 500
p/000170.jpg 1 0 0 432 578
p/000169].jpg 1 0 0 577 433
p/000168.jpg 1 0 0 500 500
p/000167.jpg 1 0 0 670 372
p/000166.jpg 1 0 0 500 500
p/000165.jpg 1 0 0 601 415
p/000164.jpg 1 0 0 390 640
p/000163.jpg 1 0 0 652 383
p/000162.jpg 1 0 0 612 408
p/000161.jpg 1 0 0 500 500
p/000160.jpg 1 0 0 500 500
p/000159.jpg 1 0 0 612 408
p/000158.jpg 1 0 0 612 408
p/000157.jpg 1 0 0 612 408
p/000156.jpg 1 0 0 612 408
p/000155.jpg 1 0 0 666 375
p/000154.jpg 1 0 0 500 500
p/000153.jpg 1 0 0 620 348
p/000152.jpg 1 0 0 678 368
p/000151.jpg 1 0 0 577 433
p/000150.jpg 1 0 0 400 624
p/000149.jpg 1 0 0 500 500
p/000148.jpg 1 0 0 577 433
p/000147.jpg 1 0 0 612 408
p/000146.jpg 1 0 0 686 364
p/000145.jpg 1 0 0 666 375
p/000144.jpg 1 0 0 577 433
p/000143.jpg 1 0 0 500 500
p/000142.jpg 1 0 0 433 577
p/000141.jpg 1 0 0 612 408
p/000140.jpg 1 0 0 433 577
p/000139.jpg 1 0 0 500 500
p/000138.jpg 1 0 0 584 427
p/000137.jpg 1 0 0 471 530
p/000136.jpg 1 0 0 612 408
p/000135.jpg 1 0 0 612 408
p/000134.jpg 1 0 0 629 397
p/000133.jpg 1 0 0 427 585
p/000132.jpg 1 0 0 666 375
p/000131.jpg 1 0 0 692 360
p/000130.jpg 1 0 0 591 422
p/000129.jpg 1 0 0 612 408
p/000128.jpg 1 0 0 612 408
p/000127.jpg 1 0 0 500 500
p/000126.jpg 1 0 0 658 379
p/000125.jpg 1 0 0 612 408
p/000124.jpg 1 0 0 539 463
p/000123.jpg 1 0 0 552 452
p/000122.jpg 1 0 0 591 422
p/000121.jpg 1 0 0 433 577
p/000120.jpg 1 0 0 612 408
p/000119.jpg 1 0 0 613 407
p/000118.jpg 1 0 0 500 500
p/000117.jpg 1 0 0 500 500
p/000116.jpg 1 0 0 666 375
p/000115.jpg 1 0 0 499 500
p/000114.jpg 1 0 0 408 612
p/000113.jpg 1 0 0 672 371
p/000112.jpg 1 0 0 560 446
p/000111.jpg 1 0 0 577 433
p/000110.jpg 1 0 0 666 375
p/000109.jpg 1 0 0 500 500
p/000108.jpg 1 0 0 433 577
p/000107.jpg 1 0 0 569 439
p/000106.jpg 1 0 0 500 500
p/000105.jpg 1 0 0 500 500
p/000104.jpg 1 0 0 613 407
p/000103.jpg 1 0 0 612 408
p/000102.jpg 1 0 0 577 433
p/000101.jpg 1 0 0 577 433
p/000100.jpg 1 0 0 443 563
p/000099.jpg 1 0 0 500 500
p/000098.jpg 1 0 0 612 408
p/000097.jpg 1 0 0 612 408
p/000096.jpg 1 0 0 591 422
p/000095.jpg 1 0 0 666 375
p/000094.jpg 1 0 0 4000 2664
p/000093.jpg 1 0 0 649 384
p/000092.jpg 1 0 0 1500 1500
p/000091.jpg 1 0 0 500 500
p/000090.jpg 1 0 0 500 500
p/000089.jpg 1 0 0 577 433
p/000088.jpg 1 0 0 962 962
p/000087.jpg 1 0 0 433 577
p/000086.jpg 1 0 0 632 395
p/000085.jpg 1 0 0 518 482
p/000084.jpg 1 0 0 1024 762
p/000083.jpg 1 0 0 668 374
p/000082.jpg 1 0 0 612 408
p/000081.jpg 1 0 0 1280 960
p/000080.jpg 1 0 0 592 422
p/000079.jpg 1 0 0 768 1024
p/000078.jpg 1 0 0 612 408
p/000077.jpg 1 0 0 500 500
p/000076.jpg 1 0 0 611 408
p/000075.jpg 1 0 0 1600 888
p/000074.jpg 1 0 0 1920 1200
p/000073.jpg 1 0 0 1000 1000
p/000072.jpg 1 0 0 840 500
p/000071.jpg 1 0 0 1024 768
p/000070.jpg 1 0 0 1200 1200
p/000069.jpg 1 0 0 2560 2560
p/000068.jpg 1 0 0 612 408
p/000067.jpg 1 0 0 1024 1024
p/000066.jpg 1 0 0 2049 2560
p/000065.jpg 1 0 0 500 500
p/000064.jpg 1 0 0 612 408
p/000063.jpg 1 0 0 563 443
p/000062.jpg 1 0 0 500 500
p/000061.jpg 1 0 0 500 500
p/000060.jpg 1 0 0 613 407
p/000059.jpg 1 0 0 900 600
p/000058.jpg 1 0 0 612 408
p/000057.jpg 1 0 0 612 408
p/000056.jpg 1 0 0 638 391
p/000055.jpg 1 0 0 680 1024
p/000054.jpg 1 0 0 5456 3064
p/000053.jpg 1 0 0 493 506
p/000052.jpg 1 0 0 1500 1125
p/000051.jpg 1 0 0 1920 1440
p/000050.jpg 1 0 0 1280 1280
p/000049.jpg 1 0 0 577 433
p/000048.jpg 1 0 0 612 408
p/000047.jpg 1 0 0 612 408
p/000045.png 1 0 0 588 424
p/000044.jpg 1 0 0 500 500
p/000043.jpg 1 0 0 500 500
p/000042.jpg 1 0 0 500 500
p/000041.jpg 1 0 0 512 488
p/000040.jpg 1 0 0 565 441
p/000039.jpg 1 0 0 2000 1430
p/000038.jpg 1 0 0 3000 1688
p/000037.jpg 1 0 0 612 408
p/000036.jpg 1 0 0 1500 1500
p/000035.jpg 1 0 0 500 500
p/000034.jpg 1 0 0 500 500
p/000033.jpg 1 0 0 500 500
p/000031.jpg 1 0 0 1280 960
p/000030.jpg 1 0 0 1139 681
p/000029.jpg 1 0 0 903 903
p/000028.jpg 1 0 0 2592 2592
p/000027.jpg 1 0 0 577 433
p/000026.jpg 1 0 0 433 577
p/000025.jpg 1 0 0 500 500
p/000024.jpg 1 0 0 500 500
p/000023.jpg 1 0 0 2048 1536
p/000022.jpg 1 0 0 2400 1800
p/000021.jpg 1 0 0 1920 1200
p/000020.jpg 1 0 0 500 500
p/000019.jpg 1 0 0 500 500
p/000017.jpg 1 0 0 612 408
p/000016.jpg 1 0 0 1024 1024
p/000015.jpg 1 0 0 612 408
p/000014.jpg 1 0 0 612 408
p/000013.jpg 1 0 0 2560 1440
p/000012.jpg 1 0 0 614 406
p/000011.jpg 1 0 0 1280 960
p/000010.jpg 1 0 0 3000 2000
p/000009.jpg 1 0 0 4032 3024
p/000008.jpg 1 0 0 612 408
p/000007.jpg 1 0 0 3000 3000
p/000006.jpg 1 0 0 1920 1080
p/000005.jpg 1 0 0 500 500
p/000004.jpg 1 0 0 500 500
p/000003.jpg 1 0 0 1024 1024
p/000002.jpg 1 0 0 500 500
p/000001.jpg 1 0 0 500 500