p/000194.jpg 1 0 0 1200 857
p/000193.jpg 1 0 0 900 600
p/000192.jpg 1 0 0 1500 1500
p/000191.jpg 1 0 0 2739 2539
p/000190.jpg 1 0 0 1200 1200
p/000189.jpg 1 0 0 1500 1500
p/000188.jpg 1 0 0 800 424
p/000187.jpg 1 0 0 1024 625
p/000186.jpg 1 0 0 736 753
p/000185.jpg 1 0 0 1200 900
p/000184.jpg 1 0 0 850 765
p/000183.jpg 1 0 0 735 636
p/000182.jpg 1 0 0 1024 680
p/000181.jpg 1 0 0 1024 680
p/000180.jpg 1 0 0 1500 1000
p/000179.jpg 1 0 0 3000 3000
p/000178.jpg 1 0 0 2048 1536
p/000177.jpg 1 0 0 2332 4000
p/000176.jpg 1 0 0 1152 768
p/000175.jpg 1 0 0 900 600
p/000174.jpg 1 0 0 3264 2176
p/000173.jpg 1 0 0 1378 765
p/000172.jpg 1 0 0 1152 768
p/000171.jpg 1 0 0 2000 2000
p/000170.jpg 1 0 0 1197 1600
p/000169.jpg 1 0 0 1600 1200
p/000168.jpg 1 0 0 2000 2000
p/000167.jpg 1 0 0 800 445
p/000166.jpg 1 0 0 1024 1024
p/000165.jpg 1 0 0 1159 800
p/000164.jpg 1 0 0 1000 1643
p/000163.jpg 1 0 0 1014 595
p/000162.jpg 1 0 0 800 533
p/000161.jpg 1 0 0 1200 1200
p/000160.jpg 1 0 0 1000 1000
p/000159.jpg 1 0 0 1500 1000
p/000158.jpg 1 0 0 1500 1000
p/000157.jpg 1 0 0 1152 768
p/000156.jpg 1 0 0 800 533
p/000155.jpg 1 0 0 1920 1080
p/000154.jpg 1 0 0 1080 1080
p/000153.jpg 1 0 0 620 348
p/000152.jpg 1 0 0 1200 652
p/000151.jpg 1 0 0 800 600
p/000150.jpg 1 0 0 1006 1571
p/000149.jpg 1 0 0 700 700
p/000148.jpg 1 0 0 620 465
p/000147.jpg 1 0 0 900 600
p/000146.jpg 1 0 0 1200 637
p/000145.jpg 1 0 0 1280 720
p/000144.jpg 1 0 0 2592 1944
p/000143.jpg 1 0 0 1000 1000
p/000142.jpg 1 0 0 1200 1600
p/000141.jpg 1 0 0 1024 683
p/000140.jpg 1 0 0 1200 1600
p/000139.jpg 1 0 0 1500 1500
p/000138.jpg 1 0 0 1500 1099
p/000137.jpg 1 0 0 711 800
p/000136.jpg 1 0 0 1500 1000
p/000135.jpg 1 0 0 900 600
p/000134.jpg 1 0 0 1900 1200
p/000133.jpg 1 0 0 1200 1644
p/000132.jpg 1 0 0 1024 576
p/000131.jpg 1 0 0 1200 625
p/000130.jpg 1 0 0 1943 1388
p/000129.jpg 1 0 0 1500 1000
p/000128.jpg 1 0 0 1920 1280
p/000127.jpg 1 0 0 1024 1024
p/000126.jpg 1 0 0 3536 2040
p/000125.jpg 1 0 0 900 600
p/000124.jpg 1 0 0 1536 1321
p/000123.jpg 1 0 0 1500 1228
p/000122.jpg 1 0 0 2000 1430
p/000121.jpg 1 0 0 1152 1536
p/000120.jpg 1 0 0 900 600
p/000119.jpg 1 0 0 1600 1062
p/000118.jpg 1 0 0 1280 1280
p/000117.jpg 1 0 0 1177 1177
p/000116.jpg 1 0 0 1536 864
p/000115.jpg 1 0 0 3000 3001
p/000114.jpg 1 0 0 2304 3456
p/000113.jpg 1 0 0 1087 600
p/000112.jpg 1 0 0 3272 2608
p/000111.jpg 1 0 0 5152 3864
p/000110.jpg 1 0 0 3968 2232
p/000109.jpg 1 0 0 1024 1024
p/000108.jpg 1 0 0 450 600
p/000107.jpg 1 0 0 1000 772
p/000106.jpg 1 0 0 1000 1000
p/000105.jpg 1 0 0 1280 1280
p/000104.jpg 1 0 0 1024 680
p/000103.jpg 1 0 0 900 600
p/000102.jpg 1 0 0 1588 1191
p/000101.jpg 1 0 0 880 660
p/000100.jpg 1 0 0 542 688
p/000099.jpg 1 0 0 2000 2000
p/000098.jpg 1 0 0 900 600
p/000097.jpg 1 0 0 2560 1708
p/000096.jpg 1 0 0 1200 857
p/000095.jpg 1 0 0 1280 720
p/000094.jpg 1 0 0 4000 2664
p/000093.jpg 1 0 0 5232 3096
p/000092.jpg 1 0 0 1500 1500
p/000091.jpg 1 0 0 2500 2500
p/000090.jpg 1 0 0 2500 2500
p/000089.jpg 1 0 0 1160 870
p/000088.jpg 1 0 0 962 962
p/000087.jpg 1 0 0 1500 2000
p/000086.jpg 1 0 0 1920 1200
p/000085.jpg 1 0 0 2560 2381
p/000084.jpg 1 0 0 1024 762
p/000083.jpg 1 0 0 1000 560
p/000082.jpg 1 0 0 3000 2000
p/000081.jpg 1 0 0 1280 960
p/000080.jpg 1 0 0 1280 912
p/000079.jpg 1 0 0 768 1024
p/000078.jpg 1 0 0 900 600
p/000077.jpg 1 0 0 2000 2000
p/000076.jpg 1 0 0 4018 2683
p/000075.jpg 1 0 0 1600 888
p/000074.jpg 1 0 0 1920 1200
p/000073.jpg 1 0 0 1000 1000
p/000072.jpg 1 0 0 840 500
p/000071.jpg 1 0 0 1024 768
p/000070.jpg 1 0 0 1200 1200
p/000069.jpg 1 0 0 2560 2560
p/000068.jpg 1 0 0 1500 1000
p/000067.jpg 1 0 0 1024 1024
p/000066.jpg 1 0 0 2049 2560
p/000065.jpg 1 0 0 1536 1536
p/000064.jpg 1 0 0 1500 1000
p/000063.jpg 1 0 0 2560 2014
p/000062.jpg 1 0 0 2000 2000
p/000061.jpg 1 0 0 3000 3000
p/000060.jpg 1 0 0 3008 2000
p/000059.jpg 1 0 0 900 600
p/000058.jpg 1 0 0 1024 683
p/000057.jpg 1 0 0 900 600
p/000056.jpg 1 0 0 1188 728
p/000055.jpg 1 0 0 680 1024
p/000054.jpg 1 0 0 5456 3064
p/000053.jpg 1 0 0 2490 2560
p/000052.jpg 1 0 0 1500 1125
p/000051.jpg 1 0 0 1920 1440
p/000050.jpg 1 0 0 1280 1280
p/000049.jpg 1 0 0 800 600
p/000048.jpg 1 0 0 900 600
p/000047.jpg 1 0 0 900 600
p/000046.jpg 1 0 0 800 600
p/000045.jpg 1 0 0 845 609
p/000044.jpg 1 0 0 1200 1200
p/000043.jpg 1 0 0 1200 1200
p/000042.jpg 1 0 0 1200 1200
p/000041.jpg 1 0 0 1588 1513
p/000040.jpg 1 0 0 1024 800
p/000039.jpg 1 0 0 2000 1430
p/000038.jpg 1 0 0 3000 1688
p/000037.jpg 1 0 0 1500 1000
p/000036.jpg 1 0 0 1500 1500
p/000035.jpg 1 0 0 2048 2048
p/000034.jpg 1 0 0 1280 1280
p/000033.jpg 1 0 0 1000 1000
p/000032.jpg 1 0 0 1280 853
p/000031.jpg 1 0 0 1280 960
p/000030.jpg 1 0 0 1139 681
p/000029.jpg 1 0 0 903 903
p/000028.jpg 1 0 0 2592 2592
p/000027.jpg 1 0 0 3000 2250
p/000026.jpg 1 0 0 3024 4032
p/000025.jpg 1 0 0 1536 1536
p/000024.jpg 1 0 0 1500 1500
p/000023.jpg 1 0 0 2048 1536
p/000022.jpg 1 0 0 2400 1800
p/000021.jpg 1 0 0 1920 1200
p/000020.jpg 1 0 0 1000 1000
p/000019.jpg 1 0 0 2560 2560
p/000018.jpg 1 0 0 1600 1600
p/000017.jpg 1 0 0 4272 2848
p/000016.jpg 1 0 0 1024 1024
p/000015.jpg 1 0 0 4182 2788
p/000014.jpg 1 0 0 1024 682
p/000013.jpg 1 0 0 2560 1440
p/000012.jpg 1 0 0 4928 3264
p/000011.jpg 1 0 0 1280 960
p/000010.jpg 1 0 0 3000 2000
p/000009.jpg 1 0 0 4032 3024
p/000008.jpg 1 0 0 1600 1066
p/000007.jpg 1 0 0 3000 3000
p/000006.jpg 1 0 0 1920 1080
p/000005.jpg 1 0 0 2000 2000
p/000004.jpg 1 0 0 1200 1200
p/000003.jpg 1 0 0 1024 1024
p/000002.jpg 1 0 0 1200 1200
p/000001.jpg 1 0 0 1000 1000